[2026-05-08 10:16:28] Login Station Mobile is amsathvani Password Is : YWRtaW4=
[2026-05-08 10:48:25] Login Station Mobile is amsathvani Password Is : YWRtaW4=
[2026-05-08 11:25:08] Login Station Mobile is amsathvani Password Is : YWRtaW4=
[2026-05-08 11:32:37] Login Station Mobile is amsathvani Password Is : YWRtaW4=
[2026-05-08 11:57:47] Login Station Mobile is amsathvani Password Is : YWRtaW4=
[2026-05-08 12:55:02] Login Station Mobile is kannan Password Is : YWRtaW4=
[2026-05-08 13:10:04] Login Station Mobile is kannan Password Is : QURNSU4=
[2026-05-08 13:10:19] Login Station Mobile is kannan Password Is : QURNSU4=
[2026-05-08 13:11:00] Login Station Mobile is kannan Password Is : QURNSU4=
[2026-05-08 13:12:51] Login Station Mobile is kannan Password Is : YWRtaW4=
[2026-05-08 14:00:37] Login Station Mobile is admin Password Is : YWRtaW4=
[2026-05-08 14:18:35] Login Station Mobile is Amsathvani Password Is : QURNSU4=
[2026-05-08 14:18:54] Login Station Mobile is Amsathvani Password Is : YWRtaW4=
[2026-05-08 14:52:28] Login Station Mobile is Amsathvani Password Is : YW1kaW4=
[2026-05-08 14:52:33] Login Station Mobile is Amsathvani Password Is : YWRtaW4=
[2026-05-08 15:09:50] Login Station Mobile is Amsathvani Password Is : YW1pbg==
[2026-05-08 15:09:59] Login Station Mobile is Amsathvani Password Is : YWRtaW4=
[2026-05-08 15:27:55] Login Station Mobile is Amsathvani Password Is : YWRtaW4=
[2026-05-08 15:31:42] Login Station Mobile is kannan Password Is : YWRtaW4=
[2026-05-08 16:43:29] Login Station Mobile is Amsathvani Password Is : YWRtaW4=
[2026-05-08 16:52:14] Login Station Mobile is Amsathvani Password Is : YWRtaW4=
