[2026-03-05 09:13:50] Login Station Mobile is Amsathvani Password Is : YWRtaW4=
[2026-03-05 09:30:53] Login Station Mobile is Amsathvani Password Is : YWRtaW4=
[2026-03-05 11:20:57] Login Station Mobile is amsathvani Password Is : YWRtaW4=
[2026-03-05 11:34:55] Login Station Mobile is amsathvani Password Is : YWRtaW4=
[2026-03-05 11:38:51] Login Station Mobile is Amsathvani Password Is : YWRtaW4=
[2026-03-05 12:00:52] Login Station Mobile is Amsathvani Password Is : YWRtaW4=
[2026-03-05 12:07:11] Login Station Mobile is Amsathvani Password Is : YWRtaW4=
[2026-03-05 12:25:38] Login Station Mobile is Amsathvani Password Is : YWRtaW4=
[2026-03-05 13:04:19] Login Station Mobile is amsathvani Password Is : YWRtaW4=
[2026-03-05 14:07:49] Login Station Mobile is Amsathvani Password Is : YWRtaW4=
[2026-03-05 14:28:47] Login Station Mobile is Amasthvani Password Is : QWRtaW4=
[2026-03-05 14:28:57] Login Station Mobile is Amasthvani Password Is : YWRtaW4=
[2026-03-05 14:35:25] Login Station Mobile is Amsathvani Password Is : YWRtaW4=
[2026-03-05 15:26:18] Login Station Mobile is Amsathvani Password Is : YWRtaW4=
[2026-03-05 15:47:26] Login Station Mobile is Amsathvani Password Is : YWRtaW4=
[2026-03-05 15:52:01] Login Station Mobile is Amsathvani Password Is : YWRtaW4=
[2026-03-05 16:27:24] Login Station Mobile is Amsathvani Password Is : YWRtaW4=
[2026-03-05 16:29:20] Login Station Mobile is Amsathvani Password Is : YWRtaW4=
[2026-03-05 16:32:43] Login Station Mobile is Amsathvani Password Is : YWRtaW4=
[2026-03-05 17:04:20] Login Station Mobile is Amsathavani Password Is : YWRtaW4=
[2026-03-05 17:05:00] Login Station Mobile is Amsathavani Password Is : YWRtaW4=
[2026-03-05 17:05:32] Login Station Mobile is Amsathvani Password Is : YWRtaW4=
[2026-03-05 17:30:50] Login Station Mobile is Amsathvani Password Is : YWRtaW4=
[2026-03-05 17:32:07] Login Station Mobile is Amsathvani Password Is : YWRtaW4=
[2026-03-05 17:32:12] Login Station Mobile is Amsathvani Password Is : YWRtaW4=
[2026-03-05 17:44:07] Login Station Mobile is Amsathvani Password Is : YWRtaW4=
[2026-03-05 17:46:51] Login Station Mobile is head Password Is : aGVhZF8wNF8wNA==
[2026-03-05 17:58:19] Login Station Mobile is Amsathvani Password Is : YWRtaW4=
